This is pdfTeX, Version 3.141592653-2.6-1.40.25 (TeX Live 2023) (preloaded format=pdflatex 2023.7.20)  20 JUL 2023 10:21
entering extended mode
 restricted \write18 enabled.
 %&-line parsing enabled.
**Sentiment_Analysis.tex
(./Sentiment_Analysis.tex
LaTeX2e <2023-06-01> patch level 1
L3 programming layer <2023-06-30>
(/Users/barakakautsar/Library/TinyTeX/texmf-dist/tex/latex/base/article.cls
Document Class: article 2023/05/17 v1.4n Standard LaTeX document class
(/Users/barakakautsar/Library/TinyTeX/texmf-dist/tex/latex/base/size10.clo
File: size10.clo 2023/05/17 v1.4n Standard LaTeX file (size option)
)
\c@part=\count185
\c@section=\count186
\c@subsection=\count187
\c@subsubsection=\count188
\c@paragraph=\count189
\c@subparagraph=\count190
\c@figure=\count191
\c@table=\count192
\abovecaptionskip=\skip48
\belowcaptionskip=\skip49
\bibindent=\dimen140
) (/Users/barakakautsar/Library/TinyTeX/texmf-dist/tex/latex/amsmath/amsmath.sty
Package: amsmath 2023/05/13 v2.17o AMS math features
\@mathmargin=\skip50
For additional information on amsmath, use the `?' option.
(/Users/barakakautsar/Library/TinyTeX/texmf-dist/tex/latex/amsmath/amstext.sty
Package: amstext 2021/08/26 v2.01 AMS text
(/Users/barakakautsar/Library/TinyTeX/texmf-dist/tex/latex/amsmath/amsgen.sty
File: amsgen.sty 1999/11/30 v2.0 generic functions
\@emptytoks=\toks17
\ex@=\dimen141
)) (/Users/barakakautsar/Library/TinyTeX/texmf-dist/tex/latex/amsmath/amsbsy.sty
Package: amsbsy 1999/11/29 v1.2d Bold Symbols
\pmbraise@=\dimen142
) (/Users/barakakautsar/Library/TinyTeX/texmf-dist/tex/latex/amsmath/amsopn.sty
Package: amsopn 2022/04/08 v2.04 operator names
)
\inf@bad=\count193
LaTeX Info: Redefining \frac on input line 234.
\uproot@=\count194
\leftroot@=\count195
LaTeX Info: Redefining \overline on input line 399.
LaTeX Info: Redefining \colon on input line 410.
\classnum@=\count196
\DOTSCASE@=\count197
LaTeX Info: Redefining \ldots on input line 496.
LaTeX Info: Redefining \dots on input line 499.
LaTeX Info: Redefining \cdots on input line 620.
\Mathstrutbox@=\box51
\strutbox@=\box52
LaTeX Info: Redefining \big on input line 722.
LaTeX Info: Redefining \Big on input line 723.
LaTeX Info: Redefining \bigg on input line 724.
LaTeX Info: Redefining \Bigg on input line 725.
\big@size=\dimen143
LaTeX Font Info:    Redeclaring font encoding OML on input line 743.
LaTeX Font Info:    Redeclaring font encoding OMS on input line 744.
\macc@depth=\count198
LaTeX Info: Redefining \bmod on input line 905.
LaTeX Info: Redefining \pmod on input line 910.
LaTeX Info: Redefining \smash on input line 940.
LaTeX Info: Redefining \relbar on input line 970.
LaTeX Info: Redefining \Relbar on input line 971.
\c@MaxMatrixCols=\count199
\dotsspace@=\muskip16
\c@parentequation=\count266
\dspbrk@lvl=\count267
\tag@help=\toks18
\row@=\count268
\column@=\count269
\maxfields@=\count270
\andhelp@=\toks19
\eqnshift@=\dimen144
\alignsep@=\dimen145
\tagshift@=\dimen146
\tagwidth@=\dimen147
\totwidth@=\dimen148
\lineht@=\dimen149
\@envbody=\toks20
\multlinegap=\skip51
\multlinetaggap=\skip52
\mathdisplay@stack=\toks21
LaTeX Info: Redefining \[ on input line 2953.
LaTeX Info: Redefining \] on input line 2954.
) (/Users/barakakautsar/Library/TinyTeX/texmf-dist/tex/latex/amsfonts/amssymb.sty
Package: amssymb 2013/01/14 v3.01 AMS font symbols
(/Users/barakakautsar/Library/TinyTeX/texmf-dist/tex/latex/amsfonts/amsfonts.sty
Package: amsfonts 2013/01/14 v3.01 Basic AMSFonts support
\symAMSa=\mathgroup4
\symAMSb=\mathgroup5
LaTeX Font Info:    Redeclaring math symbol \hbar on input line 98.
LaTeX Font Info:    Overwriting math alphabet `\mathfrak' in version `bold'
(Font)                  U/euf/m/n --> U/euf/b/n on input line 106.
)) (/Users/barakakautsar/Library/TinyTeX/texmf-dist/tex/generic/iftex/iftex.sty
Package: iftex 2022/02/03 v1.0f TeX engine tests
) (/Users/barakakautsar/Library/TinyTeX/texmf-dist/tex/latex/base/fontenc.sty
Package: fontenc 2021/04/29 v2.0v Standard LaTeX package
) (/Users/barakakautsar/Library/TinyTeX/texmf-dist/tex/latex/base/inputenc.sty
Package: inputenc 2021/02/14 v1.3d Input encoding file
\inpenc@prehook=\toks22
\inpenc@posthook=\toks23
) (/Users/barakakautsar/Library/TinyTeX/texmf-dist/tex/latex/base/textcomp.sty
Package: textcomp 2020/02/02 v2.0n Standard LaTeX package
) (/Users/barakakautsar/Library/TinyTeX/texmf-dist/tex/latex/lm/lmodern.sty
Package: lmodern 2015/05/01 v1.6.1 Latin Modern Fonts
LaTeX Font Info:    Overwriting symbol font `operators' in version `normal'
(Font)                  OT1/cmr/m/n --> OT1/lmr/m/n on input line 22.
LaTeX Font Info:    Overwriting symbol font `letters' in version `normal'
(Font)                  OML/cmm/m/it --> OML/lmm/m/it on input line 23.
LaTeX Font Info:    Overwriting symbol font `symbols' in version `normal'
(Font)                  OMS/cmsy/m/n --> OMS/lmsy/m/n on input line 24.
LaTeX Font Info:    Overwriting symbol font `largesymbols' in version `normal'
(Font)                  OMX/cmex/m/n --> OMX/lmex/m/n on input line 25.
LaTeX Font Info:    Overwriting symbol font `operators' in version `bold'
(Font)                  OT1/cmr/bx/n --> OT1/lmr/bx/n on input line 26.
LaTeX Font Info:    Overwriting symbol font `letters' in version `bold'
(Font)                  OML/cmm/b/it --> OML/lmm/b/it on input line 27.
LaTeX Font Info:    Overwriting symbol font `symbols' in version `bold'
(Font)                  OMS/cmsy/b/n --> OMS/lmsy/b/n on input line 28.
LaTeX Font Info:    Overwriting symbol font `largesymbols' in version `bold'
(Font)                  OMX/cmex/m/n --> OMX/lmex/m/n on input line 29.
LaTeX Font Info:    Overwriting math alphabet `\mathbf' in version `normal'
(Font)                  OT1/cmr/bx/n --> OT1/lmr/bx/n on input line 31.
LaTeX Font Info:    Overwriting math alphabet `\mathsf' in version `normal'
(Font)                  OT1/cmss/m/n --> OT1/lmss/m/n on input line 32.
LaTeX Font Info:    Overwriting math alphabet `\mathit' in version `normal'
(Font)                  OT1/cmr/m/it --> OT1/lmr/m/it on input line 33.
LaTeX Font Info:    Overwriting math alphabet `\mathtt' in version `normal'
(Font)                  OT1/cmtt/m/n --> OT1/lmtt/m/n on input line 34.
LaTeX Font Info:    Overwriting math alphabet `\mathbf' in version `bold'
(Font)                  OT1/cmr/bx/n --> OT1/lmr/bx/n on input line 35.
LaTeX Font Info:    Overwriting math alphabet `\mathsf' in version `bold'
(Font)                  OT1/cmss/bx/n --> OT1/lmss/bx/n on input line 36.
LaTeX Font Info:    Overwriting math alphabet `\mathit' in version `bold'
(Font)                  OT1/cmr/bx/it --> OT1/lmr/bx/it on input line 37.
LaTeX Font Info:    Overwriting math alphabet `\mathtt' in version `bold'
(Font)                  OT1/cmtt/m/n --> OT1/lmtt/m/n on input line 38.
) (/Users/barakakautsar/Library/TinyTeX/texmf-dist/tex/latex/xcolor/xcolor.sty
Package: xcolor 2022/06/12 v2.14 LaTeX color extensions (UK)
(/Users/barakakautsar/Library/TinyTeX/texmf-dist/tex/latex/graphics-cfg/color.cfg
File: color.cfg 2016/01/02 v1.6 sample color configuration
)
Package xcolor Info: Driver file: pdftex.def on input line 227.
(/Users/barakakautsar/Library/TinyTeX/texmf-dist/tex/latex/graphics-def/pdftex.def
File: pdftex.def 2022/09/22 v1.2b Graphics/color driver for pdftex
) (/Users/barakakautsar/Library/TinyTeX/texmf-dist/tex/latex/graphics/mathcolor.ltx)
Package xcolor Info: Model `cmy' substituted by `cmy0' on input line 1353.
Package xcolor Info: Model `hsb' substituted by `rgb' on input line 1357.
Package xcolor Info: Model `RGB' extended on input line 1369.
Package xcolor Info: Model `HTML' substituted by `rgb' on input line 1371.
Package xcolor Info: Model `Hsb' substituted by `hsb' on input line 1372.
Package xcolor Info: Model `tHsb' substituted by `hsb' on input line 1373.
Package xcolor Info: Model `HSB' substituted by `hsb' on input line 1374.
Package xcolor Info: Model `Gray' substituted by `gray' on input line 1375.
Package xcolor Info: Model `wave' substituted by `hsb' on input line 1376.
) (/Users/barakakautsar/Library/TinyTeX/texmf-dist/tex/latex/geometry/geometry.sty
Package: geometry 2020/01/02 v5.9 Page Geometry
(/Users/barakakautsar/Library/TinyTeX/texmf-dist/tex/latex/graphics/keyval.sty
Package: keyval 2022/05/29 v1.15 key=value parser (DPC)
\KV@toks@=\toks24
) (/Users/barakakautsar/Library/TinyTeX/texmf-dist/tex/generic/iftex/ifvtex.sty
Package: ifvtex 2019/10/25 v1.7 ifvtex legacy package. Use iftex instead.
)
\Gm@cnth=\count271
\Gm@cntv=\count272
\c@Gm@tempcnt=\count273
\Gm@bindingoffset=\dimen150
\Gm@wd@mp=\dimen151
\Gm@odd@mp=\dimen152
\Gm@even@mp=\dimen153
\Gm@layoutwidth=\dimen154
\Gm@layoutheight=\dimen155
\Gm@layouthoffset=\dimen156
\Gm@layoutvoffset=\dimen157
\Gm@dimlist=\toks25
) (/Users/barakakautsar/Library/TinyTeX/texmf-dist/tex/latex/fancyvrb/fancyvrb.sty
Package: fancyvrb 2023/01/19 4.5a verbatim text (tvz,hv)
\FV@CodeLineNo=\count274
\FV@InFile=\read2
\FV@TabBox=\box53
\c@FancyVerbLine=\count275
\FV@StepNumber=\count276
\FV@OutFile=\write3
) (/Users/barakakautsar/Library/TinyTeX/texmf-dist/tex/latex/framed/framed.sty
Package: framed 2011/10/22 v 0.96: framed or shaded text with page breaks
\OuterFrameSep=\skip53
\fb@frw=\dimen158
\fb@frh=\dimen159
\FrameRule=\dimen160
\FrameSep=\dimen161
) (/Users/barakakautsar/Library/TinyTeX/texmf-dist/tex/latex/graphics/graphicx.sty
Package: graphicx 2021/09/16 v1.2d Enhanced LaTeX Graphics (DPC,SPQR)
(/Users/barakakautsar/Library/TinyTeX/texmf-dist/tex/latex/graphics/graphics.sty
Package: graphics 2022/03/10 v1.4e Standard LaTeX Graphics (DPC,SPQR)
(/Users/barakakautsar/Library/TinyTeX/texmf-dist/tex/latex/graphics/trig.sty
Package: trig 2021/08/11 v1.11 sin cos tan (DPC)
) (/Users/barakakautsar/Library/TinyTeX/texmf-dist/tex/latex/graphics-cfg/graphics.cfg
File: graphics.cfg 2016/06/04 v1.11 sample graphics configuration
)
Package graphics Info: Driver file: pdftex.def on input line 107.
)
\Gin@req@height=\dimen162
\Gin@req@width=\dimen163
) (/Users/barakakautsar/Library/TinyTeX/texmf-dist/tex/latex/hyperref/hyperref.sty
Package: hyperref 2023-07-08 v7.01b Hypertext links for LaTeX
(/Users/barakakautsar/Library/TinyTeX/texmf-dist/tex/generic/ltxcmds/ltxcmds.sty
Package: ltxcmds 2020-05-10 v1.25 LaTeX kernel commands for general use (HO)
) (/Users/barakakautsar/Library/TinyTeX/texmf-dist/tex/generic/pdftexcmds/pdftexcmds.sty
Package: pdftexcmds 2020-06-27 v0.33 Utility functions of pdfTeX for LuaTeX (HO)
(/Users/barakakautsar/Library/TinyTeX/texmf-dist/tex/generic/infwarerr/infwarerr.sty
Package: infwarerr 2019/12/03 v1.5 Providing info/warning/error messages (HO)
)
Package pdftexcmds Info: \pdf@primitive is available.
Package pdftexcmds Info: \pdf@ifprimitive is available.
Package pdftexcmds Info: \pdfdraftmode found.
) (/Users/barakakautsar/Library/TinyTeX/texmf-dist/tex/latex/kvsetkeys/kvsetkeys.sty
Package: kvsetkeys 2022-10-05 v1.19 Key value parser (HO)
) (/Users/barakakautsar/Library/TinyTeX/texmf-dist/tex/generic/kvdefinekeys/kvdefinekeys.sty
Package: kvdefinekeys 2019-12-19 v1.6 Define keys (HO)
) (/Users/barakakautsar/Library/TinyTeX/texmf-dist/tex/generic/pdfescape/pdfescape.sty
Package: pdfescape 2019/12/09 v1.15 Implements pdfTeX's escape features (HO)
) (/Users/barakakautsar/Library/TinyTeX/texmf-dist/tex/latex/hycolor/hycolor.sty
Package: hycolor 2020-01-27 v1.10 Color options for hyperref/bookmark (HO)
) (/Users/barakakautsar/Library/TinyTeX/texmf-dist/tex/latex/letltxmacro/letltxmacro.sty
Package: letltxmacro 2019/12/03 v1.6 Let assignment for LaTeX macros (HO)
) (/Users/barakakautsar/Library/TinyTeX/texmf-dist/tex/latex/auxhook/auxhook.sty
Package: auxhook 2019-12-17 v1.6 Hooks for auxiliary files (HO)
) (/Users/barakakautsar/Library/TinyTeX/texmf-dist/tex/latex/hyperref/nameref.sty
Package: nameref 2023-08-07 v2.53 Cross-referencing by name of section
(/Users/barakakautsar/Library/TinyTeX/texmf-dist/tex/latex/refcount/refcount.sty
Package: refcount 2019/12/15 v3.6 Data extraction from label references (HO)
) (/Users/barakakautsar/Library/TinyTeX/texmf-dist/tex/generic/gettitlestring/gettitlestring.sty
Package: gettitlestring 2019/12/15 v1.6 Cleanup title references (HO)
(/Users/barakakautsar/Library/TinyTeX/texmf-dist/tex/latex/kvoptions/kvoptions.sty
Package: kvoptions 2022-06-15 v3.15 Key value format for package options (HO)
))
\c@section@level=\count277
) (/Users/barakakautsar/Library/TinyTeX/texmf-dist/tex/latex/etoolbox/etoolbox.sty
Package: etoolbox 2020/10/05 v2.5k e-TeX tools for LaTeX (JAW)
\etb@tempcnta=\count278
)
\@linkdim=\dimen164
\Hy@linkcounter=\count279
\Hy@pagecounter=\count280
(/Users/barakakautsar/Library/TinyTeX/texmf-dist/tex/latex/hyperref/pd1enc.def
File: pd1enc.def 2023-07-08 v7.01b Hyperref: PDFDocEncoding definition (HO)
Now handling font encoding PD1 ...
... no UTF-8 mapping file for font encoding PD1
) (/Users/barakakautsar/Library/TinyTeX/texmf-dist/tex/generic/intcalc/intcalc.sty
Package: intcalc 2019/12/15 v1.3 Expandable calculations with integers (HO)
)
\Hy@SavedSpaceFactor=\count281
(/Users/barakakautsar/Library/TinyTeX/texmf-dist/tex/latex/hyperref/puenc.def
File: puenc.def 2023-07-08 v7.01b Hyperref: PDF Unicode definition (HO)
Now handling font encoding PU ...
... no UTF-8 mapping file for font encoding PU
)
Package hyperref Info: Option `unicode' set `true' on input line 4050.
Package hyperref Info: Hyper figures OFF on input line 4167.
Package hyperref Info: Link nesting OFF on input line 4172.
Package hyperref Info: Hyper index ON on input line 4175.
Package hyperref Info: Plain pages OFF on input line 4182.
Package hyperref Info: Backreferencing OFF on input line 4187.
Package hyperref Info: Implicit mode ON; LaTeX internals redefined.
Package hyperref Info: Bookmarks ON on input line 4434.
\c@Hy@tempcnt=\count282
(/Users/barakakautsar/Library/TinyTeX/texmf-dist/tex/latex/url/url.sty
\Urlmuskip=\muskip17
Package: url 2013/09/16  ver 3.4  Verb mode for urls, etc.
)
LaTeX Info: Redefining \url on input line 4772.
\XeTeXLinkMargin=\dimen165
(/Users/barakakautsar/Library/TinyTeX/texmf-dist/tex/generic/bitset/bitset.sty
Package: bitset 2019/12/09 v1.3 Handle bit-vector datatype (HO)
(/Users/barakakautsar/Library/TinyTeX/texmf-dist/tex/generic/bigintcalc/bigintcalc.sty
Package: bigintcalc 2019/12/15 v1.5 Expandable calculations on big integers (HO)
))
\Fld@menulength=\count283
\Field@Width=\dimen166
\Fld@charsize=\dimen167
Package hyperref Info: Hyper figures OFF on input line 6051.
Package hyperref Info: Link nesting OFF on input line 6056.
Package hyperref Info: Hyper index ON on input line 6059.
Package hyperref Info: backreferencing OFF on input line 6066.
Package hyperref Info: Link coloring OFF on input line 6071.
Package hyperref Info: Link coloring with OCG OFF on input line 6076.
Package hyperref Info: PDF/A mode OFF on input line 6081.
(/Users/barakakautsar/Library/TinyTeX/texmf-dist/tex/latex/base/atbegshi-ltx.sty
Package: atbegshi-ltx 2021/01/10 v1.0c Emulation of the original atbegshi
package with kernel methods
)
\Hy@abspage=\count284
\c@Item=\count285
\c@Hfootnote=\count286
)
Package hyperref Info: Driver (autodetected): hpdftex.
(/Users/barakakautsar/Library/TinyTeX/texmf-dist/tex/latex/hyperref/hpdftex.def
File: hpdftex.def 2023-07-08 v7.01b Hyperref driver for pdfTeX
(/Users/barakakautsar/Library/TinyTeX/texmf-dist/tex/latex/base/atveryend-ltx.sty
Package: atveryend-ltx 2020/08/19 v1.0a Emulation of the original atveryend package
with kernel methods
)
\Fld@listcount=\count287
\c@bookmark@seq@number=\count288
(/Users/barakakautsar/Library/TinyTeX/texmf-dist/tex/latex/rerunfilecheck/rerunfilecheck.sty
Package: rerunfilecheck 2022-07-10 v1.10 Rerun checks for auxiliary files (HO)
(/Users/barakakautsar/Library/TinyTeX/texmf-dist/tex/generic/uniquecounter/uniquecounter.sty
Package: uniquecounter 2019/12/15 v1.4 Provide unlimited unique counter (HO)
)
Package uniquecounter Info: New unique counter `rerunfilecheck' on input line 285.
)
\Hy@SectionHShift=\skip54
)
LaTeX Font Info:    Trying to load font information for T1+lmr on input line 113.
(/Users/barakakautsar/Library/TinyTeX/texmf-dist/tex/latex/lm/t1lmr.fd
File: t1lmr.fd 2015/05/01 v1.6.1 Font defs for Latin Modern
) (/Users/barakakautsar/Library/TinyTeX/texmf-dist/tex/latex/l3backend/l3backend-pdftex.def
File: l3backend-pdftex.def 2023-04-19 L3 backend support: PDF output (pdfTeX)
\l__color_backend_stack_int=\count289
\l__pdf_internal_box=\box54
)
No file Sentiment_Analysis.aux.
\openout1 = `Sentiment_Analysis.aux'.

LaTeX Font Info:    Checking defaults for OML/cmm/m/it on input line 113.
LaTeX Font Info:    ... okay on input line 113.
LaTeX Font Info:    Checking defaults for OMS/cmsy/m/n on input line 113.
LaTeX Font Info:    ... okay on input line 113.
LaTeX Font Info:    Checking defaults for OT1/cmr/m/n on input line 113.
LaTeX Font Info:    ... okay on input line 113.
LaTeX Font Info:    Checking defaults for T1/cmr/m/n on input line 113.
LaTeX Font Info:    ... okay on input line 113.
LaTeX Font Info:    Checking defaults for TS1/cmr/m/n on input line 113.
LaTeX Font Info:    ... okay on input line 113.
LaTeX Font Info:    Checking defaults for OMX/cmex/m/n on input line 113.
LaTeX Font Info:    ... okay on input line 113.
LaTeX Font Info:    Checking defaults for U/cmr/m/n on input line 113.
LaTeX Font Info:    ... okay on input line 113.
LaTeX Font Info:    Checking defaults for PD1/pdf/m/n on input line 113.
LaTeX Font Info:    ... okay on input line 113.
LaTeX Font Info:    Checking defaults for PU/pdf/m/n on input line 113.
LaTeX Font Info:    ... okay on input line 113.
(/Users/barakakautsar/Library/TinyTeX/texmf-dist/tex/latex/epstopdf-pkg/epstopdf-base.sty
Package: epstopdf-base 2020-01-24 v2.11 Base part for package epstopdf
Package epstopdf-base Info: Redefining graphics rule for `.eps' on input line 485.
(/Users/barakakautsar/Library/TinyTeX/texmf-dist/tex/latex/latexconfig/epstopdf-sys.cfg
File: epstopdf-sys.cfg 2010/07/13 v1.3 Configuration of (r)epstopdf for TeX Live
))
*geometry* driver: auto-detecting
*geometry* detected driver: pdftex
*geometry* verbose mode - [ preamble ] result:
* driver: pdftex
* paper: <default>
* layout: <same size as paper>
* layoutoffset:(h,v)=(0.0pt,0.0pt)
* modes: 
* h-part:(L,W,R)=(72.26999pt, 469.75502pt, 72.26999pt)
* v-part:(T,H,B)=(72.26999pt, 650.43001pt, 72.26999pt)
* \paperwidth=614.295pt
* \paperheight=794.96999pt
* \textwidth=469.75502pt
* \textheight=650.43001pt
* \oddsidemargin=0.0pt
* \evensidemargin=0.0pt
* \topmargin=-37.0pt
* \headheight=12.0pt
* \headsep=25.0pt
* \topskip=10.0pt
* \footskip=30.0pt
* \marginparwidth=65.0pt
* \marginparsep=11.0pt
* \columnsep=10.0pt
* \skip\footins=9.0pt plus 4.0pt minus 2.0pt
* \hoffset=0.0pt
* \voffset=0.0pt
* \mag=1000
* \@twocolumnfalse
* \@twosidefalse
* \@mparswitchfalse
* \@reversemarginfalse
* (1in=72.27pt=25.4mm, 1cm=28.453pt)

Package hyperref Info: Link coloring OFF on input line 113.
\@outlinefile=\write4
\openout4 = `Sentiment_Analysis.out'.

LaTeX Font Info:    Trying to load font information for OT1+lmr on input line 115.
(/Users/barakakautsar/Library/TinyTeX/texmf-dist/tex/latex/lm/ot1lmr.fd
File: ot1lmr.fd 2015/05/01 v1.6.1 Font defs for Latin Modern
)
LaTeX Font Info:    Trying to load font information for OML+lmm on input line 115.
(/Users/barakakautsar/Library/TinyTeX/texmf-dist/tex/latex/lm/omllmm.fd
File: omllmm.fd 2015/05/01 v1.6.1 Font defs for Latin Modern
)
LaTeX Font Info:    Trying to load font information for OMS+lmsy on input line 115.
(/Users/barakakautsar/Library/TinyTeX/texmf-dist/tex/latex/lm/omslmsy.fd
File: omslmsy.fd 2015/05/01 v1.6.1 Font defs for Latin Modern
)
LaTeX Font Info:    Trying to load font information for OMX+lmex on input line 115.
(/Users/barakakautsar/Library/TinyTeX/texmf-dist/tex/latex/lm/omxlmex.fd
File: omxlmex.fd 2015/05/01 v1.6.1 Font defs for Latin Modern
)
LaTeX Font Info:    External font `lmex10' loaded for size
(Font)              <12> on input line 115.
LaTeX Font Info:    External font `lmex10' loaded for size
(Font)              <8> on input line 115.
LaTeX Font Info:    External font `lmex10' loaded for size
(Font)              <6> on input line 115.
LaTeX Font Info:    Trying to load font information for U+msa on input line 115.
(/Users/barakakautsar/Library/TinyTeX/texmf-dist/tex/latex/amsfonts/umsa.fd
File: umsa.fd 2013/01/14 v3.01 AMS symbols A
)
LaTeX Font Info:    Trying to load font information for U+msb on input line 115.
(/Users/barakakautsar/Library/TinyTeX/texmf-dist/tex/latex/amsfonts/umsb.fd
File: umsb.fd 2013/01/14 v3.01 AMS symbols B
)
LaTeX Font Info:    Trying to load font information for T1+lmtt on input line 120.
(/Users/barakakautsar/Library/TinyTeX/texmf-dist/tex/latex/lm/t1lmtt.fd
File: t1lmtt.fd 2015/05/01 v1.6.1 Font defs for Latin Modern
)
LaTeX Font Info:    Font shape `T1/lmtt/bx/n' in size <10> not available
(Font)              Font shape `T1/lmtt/b/n' tried instead on input line 121.
LaTeX Font Info:    External font `lmex10' loaded for size
(Font)              <10> on input line 130.
LaTeX Font Info:    External font `lmex10' loaded for size
(Font)              <7> on input line 130.
LaTeX Font Info:    External font `lmex10' loaded for size
(Font)              <5> on input line 130.

Overfull \hbox (8423.71913pt too wide) in paragraph at lines 157--157
[]\T1/lmtt/m/n/10 ##                                                                                                                                                                                                                                                                                                                                                                                                                                                                                                                                                                                                                                                                                                                                                                                                                                                                                                                                                                                                                                                                                                                                                                                                                                                                                                                                                                                                                                                                                                                                                                                                                                                                                                                                                      Review[] 
 []


Overfull \hbox (8413.21916pt too wide) in paragraph at lines 157--157
[]\T1/lmtt/m/n/10 ## 1                                                                                                                                                                                                                                                                                                                                                                                                                                                                                                                                                                                                                                                                                                                                                                                                                                                                                                                                                                                                                                                                                                                                         nice hotel expensive parking got good deal stay hotel anniversary, arrived late evening took advice previous reviews did valet parking, check quick easy, little disappointed non-existent view room room clean nice size, bed comfortable woke stiff neck high pillows, not soundproof like heard music room night morning loud bangs doors opening closing hear people talking hallway, maybe just noisy neighbors, aveda bath products nice, did not goldfish stay nice touch taken advantage staying longer, location great walking distance shopping, overall nice experience having pay 40 parking night,[] 
 []


Overfull \hbox (8413.21916pt too wide) in paragraph at lines 157--157
[]\T1/lmtt/m/n/10 ## 2 ok nothing special charge diamond member hilton decided chain shot 20th anniversary seattle, start booked suite paid extra website description not, suite bedroom bathroom standard hotel room, took printed reservation desk showed said things like tv couch ect desk clerk told oh mixed suites description kimpton website sorry free breakfast, got kidding, embassy suits sitting room bathroom bedroom unlike kimpton calls suite, 5 day stay offer correct false advertising, send kimpton preferred guest website email asking failure provide suite advertised website reservation description furnished hard copy reservation printout website desk manager duty did not reply solution, send email trip guest survey did not follow email mail, guess tell concerned guest.the staff ranged indifferent not helpful, asked desk good breakfast spots neighborhood hood told no hotels, gee best breakfast spots seattle 1/2 block away convenient hotel does not know exist, arrived late night 11 pm inside run bellman busy chating cell phone help bags.prior arrival emailed hotel inform 20th anniversary half really picky wanted make sure good, got nice email saying like deliver bottle champagne chocolate covered strawberries room arrival celebrate, told needed foam pillows, arrival no champagne strawberries no foam pillows great room view alley high rise building good not better housekeeping staff cleaner room property, impressed left morning shopping room got short trips 2 hours, beds comfortable.not good ac-heat control 4 x 4 inch screen bring green shine directly eyes night, light sensitive tape controls.this not 4 start hotel clean business hotel super high rates, better chain hotels seattle,[] 
 []


Overfull \hbox (8413.21916pt too wide) in paragraph at lines 157--157
[]\T1/lmtt/m/n/10 ## 3                                                                                                                                                                                                                                                                       nice rooms not 4* experience hotel monaco seattle good hotel n't 4* level.positives large bathroom mediterranean suite comfortable bed pillowsattentive housekeeping staffnegatives ac unit malfunctioned stay desk disorganized, missed 3 separate wakeup calls, concierge busy hard touch, did n't provide guidance special requests.tv hard use ipod sound dock suite non functioning. decided book mediterranean suite 3 night weekend stay 1st choice rest party filled, comparison w spent 45 night larger square footage room great soaking tub whirlpool jets nice shower.before stay hotel arrange car service price 53 tip reasonable driver waiting arrival.checkin easy downside room picked 2 person jacuzi tub no bath accessories salts bubble bath did n't stay, night got 12/1a checked voucher bottle champagne nice gesture fish waiting room, impression room huge open space felt room big, tv far away bed chore change channel, ipod dock broken disappointing.in morning way asked desk check thermostat said 65f 74 2 degrees warm try cover face night bright blue light kept, got room night no, 1st drop desk, called maintainence came look thermostat told play settings happy digital box wo n't work, asked wakeup 10am morning did n't happen, called later 6pm nap wakeup forgot, 10am wakeup morning yep forgotten.the bathroom facilities great room surprised room sold whirlpool bath tub n't bath amenities, great relax water jets going,[] 
 []


Overfull \hbox (8413.21916pt too wide) in paragraph at lines 157--157
[]\T1/lmtt/m/n/10 ## 4                                                                                                                                                                                                                                                                                                                                                                                                                                                                                                                                                                                                                                                                                                                                                                                                                                                                                                                                                                                                                                                                                                                                  unique, great stay, wonderful time hotel monaco, location excellent short stroll main downtown shopping area, pet friendly room showed no signs animal hair smells, monaco suite sleeping area big striped curtains pulled closed nice touch felt cosy, goldfish named brandi enjoyed, did n't partake free wine coffee/tea service lobby thought great feature, great staff friendly, free wireless internet hotel worked suite 2 laptops, decor lovely eclectic mix pattens color palatte, animal print bathrobes feel like rock stars, nice did n't look like sterile chain hotel hotel personality excellent stay,[] 
 []


Overfull \hbox (8413.21916pt too wide) in paragraph at lines 157--157
[]\T1/lmtt/m/n/10 ## 5                                                                                                                                                                                                                                                                                                                                                                                                                         great stay great stay, went seahawk game awesome, downfall view building did n't complain, room huge staff helpful, booked hotels website seahawk package, no charge parking got voucher taxi, problem taxi driver did n't want accept voucher barely spoke english, funny thing speak arabic called started making comments girlfriend cell phone buddy, took second realize just said fact speak language face priceless, ass told, said large city, told head doorman issue called cab company promply answer did n't, apologized offered pay taxi, bucks 2 miles stadium, game plan taxi return going humpin, great walk did n't mind, right christmas wonderful lights, homeless stowed away building entrances leave, police presence not greatest area stadium, activities 7 blocks pike street waterfront great coffee shops way, hotel mantained foyer awesome, wine tasting available evening, best dog, taking st. bernard time family, safes hotel located service desk room, bathroom huge jetted tub huge, funny house keeping walked girlfriend getting dressed, did n't hear knock doing turn service, screamed girlfriend screams hit floor laughing, started talking spanish worked, place recommend price, check online deals just good not better, besite contains deals vouchers travel websites n't tell,[] 
 []


Overfull \hbox (8413.21916pt too wide) in paragraph at lines 157--157
[]\T1/lmtt/m/n/10 ## 6                                                                                                                                                                                                                                                                                                                                                                                                                                                                                                                                                                                                                                                                                                                love monaco staff husband stayed hotel crazy weekend attending memorial service best friend husband celebrating 12th wedding anniversary, talk mixed emotions, booked suite hotel monte carlos, loaned beautiful fan-tanned goldfish named joliet weekend visited dogs worked desk human companions, room decorated nicely couch used pillows, l'occitane bath amenities welcome sight, room quiet peaceful, wireless internet access wonderful server went morning leaving problems printing boarding passes, afternoon reception serves oenophile-satisfying wine australia scrumptious cookies, restaurant closed renovation stay finally ate food good drinks better, word caution restaurant larger person not sit booths wo n't fit, 5'6 125 lbs husband 5'9 175. table smack-against stomach couple inches space mighty uncomfortable patron larger pregnant, bad design opinion place decorated funky welcoming way metal wood handblown glass light fixtures expect seattle capital glass art industry, definitely stay reason,[] 
 []

[1

{/Users/barakakautsar/Library/TinyTeX/texmf-var/fonts/map/pdftex/updmap/pdftex.map}{/Users/barakakautsar/Library/TinyTeX/texmf-dist/fonts/enc/dvips/lm/lm-ec.enc}]
LaTeX Font Info:    Trying to load font information for TS1+lmtt on input line 198.
(/Users/barakakautsar/Library/TinyTeX/texmf-dist/tex/latex/lm/ts1lmtt.fd
File: ts1lmtt.fd 2015/05/01 v1.6.1 Font defs for Latin Modern
)
<Sentiment_Analysis_files/figure-latex/unnamed-chunk-3-1.pdf, id=28, 469.755pt x 325.215pt>
File: Sentiment_Analysis_files/figure-latex/unnamed-chunk-3-1.pdf Graphic file (type pdf)
<use Sentiment_Analysis_files/figure-latex/unnamed-chunk-3-1.pdf>
Package pdftex.def Info: Sentiment_Analysis_files/figure-latex/unnamed-chunk-3-1.pdf  used on input line 221.
(pdftex.def)             Requested size: 469.75386pt x 325.2142pt.

Underfull \hbox (badness 10000) in paragraph at lines 221--223
[][]
 []

[2{/Users/barakakautsar/Library/TinyTeX/texmf-dist/fonts/enc/dvips/lm/lm-ts1.enc}]
<Sentiment_Analysis_files/figure-latex/unnamed-chunk-4-1.pdf, id=35, 469.755pt x 325.215pt>
File: Sentiment_Analysis_files/figure-latex/unnamed-chunk-4-1.pdf Graphic file (type pdf)
<use Sentiment_Analysis_files/figure-latex/unnamed-chunk-4-1.pdf>
Package pdftex.def Info: Sentiment_Analysis_files/figure-latex/unnamed-chunk-4-1.pdf  used on input line 243.
(pdftex.def)             Requested size: 469.75386pt x 325.2142pt.
[3 <./Sentiment_Analysis_files/figure-latex/unnamed-chunk-3-1.pdf>] [4 <./Sentiment_Analysis_files/figure-latex/unnamed-chunk-4-1.pdf>]
<Sentiment_Analysis_files/figure-latex/unnamed-chunk-5-1.pdf, id=58, 469.755pt x 325.215pt>
File: Sentiment_Analysis_files/figure-latex/unnamed-chunk-5-1.pdf Graphic file (type pdf)
<use Sentiment_Analysis_files/figure-latex/unnamed-chunk-5-1.pdf>
Package pdftex.def Info: Sentiment_Analysis_files/figure-latex/unnamed-chunk-5-1.pdf  used on input line 288.
(pdftex.def)             Requested size: 469.75386pt x 325.2142pt.

Overfull \hbox (170.74312pt too wide) in paragraph at lines 323--323
[]\T1/lmtt/m/n/10 ## Warning in inner_join(., get_sentiments("bing")): Detected an unexpected many-to-many relationship between `x` and `y`.[] 
 []

[5 <./Sentiment_Analysis_files/figure-latex/unnamed-chunk-5-1.pdf>]
<Sentiment_Analysis_files/figure-latex/unnamed-chunk-6-1.pdf, id=70, 469.755pt x 325.215pt>
File: Sentiment_Analysis_files/figure-latex/unnamed-chunk-6-1.pdf Graphic file (type pdf)
<use Sentiment_Analysis_files/figure-latex/unnamed-chunk-6-1.pdf>
Package pdftex.def Info: Sentiment_Analysis_files/figure-latex/unnamed-chunk-6-1.pdf  used on input line 338.
(pdftex.def)             Requested size: 469.75386pt x 325.2142pt.

Underfull \hbox (badness 10000) in paragraph at lines 338--340
[][]
 []


Overfull \hbox (170.74312pt too wide) in paragraph at lines 366--366
[]\T1/lmtt/m/n/10 ## Warning in inner_join(., get_sentiments("bing")): Detected an unexpected many-to-many relationship between `x` and `y`.[] 
 []

[6 <./Sentiment_Analysis_files/figure-latex/unnamed-chunk-6-1.pdf>]
<Sentiment_Analysis_files/figure-latex/unnamed-chunk-7-1.pdf, id=80, 469.755pt x 325.215pt>
File: Sentiment_Analysis_files/figure-latex/unnamed-chunk-7-1.pdf Graphic file (type pdf)
<use Sentiment_Analysis_files/figure-latex/unnamed-chunk-7-1.pdf>
Package pdftex.def Info: Sentiment_Analysis_files/figure-latex/unnamed-chunk-7-1.pdf  used on input line 378.
(pdftex.def)             Requested size: 469.75386pt x 325.2142pt.

! LaTeX Error: Unicode character ^^H (U+0008)
               not set up for use with LaTeX.

See the LaTeX manual or LaTeX Companion for explanation.
Type  H <return>  for immediate help.
 ...                                              
                                                  
l.389 \end{verbatim}
                     
Here is how much of TeX's memory you used:
 11264 strings out of 477197
 174916 string characters out of 5812439
 2078244 words of memory out of 5000000
 32062 multiletter control sequences out of 15000+600000
 599381 words of font info for 77 fonts, out of 8000000 for 9000
 14 hyphenation exceptions out of 8191
 75i,6n,79p,1719b,576s stack positions out of 10000i,1000n,20000p,200000b,200000s

!  ==> Fatal error occurred, no output PDF file produced!
